<?xml version="1.0" encoding="UTF-8"?>
<testsuite name="hello.HelloWorldTest" tests="1" skipped="0" failures="0" errors="0" timestamp="2016-10-17T16:37:19" hostname="DESKTOP-DPKISBE" time="0.019">
  <properties/>
  <testcase name="testGreetingMessage" classname="hello.HelloWorldTest" time="0.019"/>
  <system-out><![CDATA[]]></system-out>
  <system-err><![CDATA[]]></system-err>
</testsuite>
