<?xml version="1.0" encoding="UTF-8"?>
<!-- Generated by org.testng.reporters.JUnitReportReporter -->
<testsuite hostname="DESKTOP-DPKISBE" name="hello.HelloWorldTest" tests="1" failures="0" timestamp="17 Oct 2016 16:36:32 GMT" time="0.020" errors="0">
  <testcase name="testGreetingMessage" time="0.020" classname="hello.HelloWorldTest"/>
</testsuite> <!-- hello.HelloWorldTest -->
